2022-06-21T10:52:56.699+0800	info	env/env.go:132	kubecube running in namespace kubecube-system
2022-06-21T10:52:58.226+0800	info	cube/cube.go:93	component cube-controller-manager already initialized
2022-06-21T10:52:58.226+0800	info	cube/cube.go:93	component cube-apiserver already initialized
2022-06-21T10:52:58.226+0800	info	cube/cube.go:75	component cube-apiserver already started
2022-06-21T10:52:58.226+0800	info	cube/cube.go:75	component cube-controller-manager already started
2022-06-21T10:52:58.226+0800	info	apiserver/apiserver.go:183	cube apiserver listen in 0.0.0.0:7443
2022-06-21T10:52:58.226+0800	info	apiserver/apiserver.go:184	cube simple server listen in 0.0.0.0:7777
2022-06-21T10:52:58.327+0800	info	ctrlmgr/manager.go:121	kubecube won the leader
2022-06-21T10:53:56.234+0800	info	env/env.go:132	kubecube running in namespace kubecube-system
2022-06-21T10:53:57.761+0800	info	cube/cube.go:93	component cube-controller-manager already initialized
2022-06-21T10:53:57.761+0800	info	cube/cube.go:93	component cube-apiserver already initialized
2022-06-21T10:53:57.761+0800	info	cube/cube.go:75	component cube-controller-manager already started
2022-06-21T10:53:57.761+0800	info	cube/cube.go:75	component cube-apiserver already started
2022-06-21T10:53:57.761+0800	info	apiserver/apiserver.go:183	cube apiserver listen in 0.0.0.0:7443
2022-06-21T10:53:57.761+0800	info	apiserver/apiserver.go:184	cube simple server listen in 0.0.0.0:7777
2022-06-21T10:53:57.862+0800	info	ctrlmgr/manager.go:121	kubecube won the leader
2022-06-21T10:55:01.252+0800	info	env/env.go:132	kubecube running in namespace kubecube-system
2022-06-21T10:55:02.779+0800	info	cube/cube.go:93	component cube-controller-manager already initialized
2022-06-21T10:55:02.779+0800	info	cube/cube.go:93	component cube-apiserver already initialized
2022-06-21T10:55:02.779+0800	info	cube/cube.go:75	component cube-controller-manager already started
2022-06-21T10:55:02.779+0800	info	cube/cube.go:75	component cube-apiserver already started
2022-06-21T10:55:02.779+0800	info	apiserver/apiserver.go:183	cube apiserver listen in 0.0.0.0:7443
2022-06-21T10:55:02.779+0800	info	apiserver/apiserver.go:184	cube simple server listen in 0.0.0.0:7777
2022-06-21T10:55:02.881+0800	info	ctrlmgr/manager.go:121	kubecube won the leader
2022-06-21T10:55:33.603+0800	info	cluster	cluster/cluster_controller.go:83	Reconcile cluster pivot-cluster
2022-06-21T10:55:33.629+0800	info	cluster	cluster/cluster_controller.go:126	Cluster pivot-cluster is processing
2022-06-21T10:55:33.653+0800	info	cluster	cluster/cluster_controller.go:137	Handshake with cluster pivot-cluster success
2022-06-21T10:55:33.656+0800	info	cluster/helper.go:118	warden of cluster pivot-cluster is dating with kubecube
2022-06-21T10:55:33.656+0800	info	cluster	cluster/cluster_controller.go:146	Ensure resources in cluster pivot-cluster success
2022-06-21T10:55:33.776+0800	info	multicluster/manager.go:164	add cluster pivot-cluster into multi cluster manager
2022-06-21T10:55:33.776+0800	info	cluster	cluster/cluster_controller.go:157	Ensure cluster pivot-cluster in internal clusters success
2022-06-21T10:55:33.776+0800	info	multicluster/manager.go:238	Start scout for cluster pivot-cluster
